/var/spool/slurm/slurmd/job12350421/slurm_script: line 13: SBATCH: command not found
/var/spool/slurm/slurmd/job12350421/slurm_script: line 15: SBATCH: command not found
/var/spool/slurm/slurmd/job12350421/slurm_script: line 17: SBATCH: command not found
/var/spool/slurm/slurmd/job12350421/slurm_script: line 20: SBATCH: command not found
/var/spool/slurm/slurmd/job12350421/slurm_script: line 23: SBATCH: command not found
/var/spool/slurm/slurmd/job12350421/slurm_script: line 25: SBATCH: command not found
/var/spool/slurm/slurmd/job12350421/slurm_script: line 27: SBATCH: command not found
/var/spool/slurm/slurmd/job12350421/slurm_script: line 33: SBATCH: command not found
Changed directory to /rds/user/sd973/hpc-work/MLMI2/exp.

JobID: 12350421
======
Time: Sun 15 Jan 06:57:00 GMT 2023
Running on master node: cpu-p-300
Current directory: /rds/user/sd973/hpc-work/MLMI2/exp
Can't load '/usr/local/software/slurm/slurm-20.11.9-rhel8/lib64/perl5/auto/Slurm/Slurm.so' for module Slurm: libperl.so.5.26: cannot open shared object file: No such file or directory at /usr/lib64/perl5/DynaLoader.pm line 190, <DATA> line 602.
 at /usr/local/software/slurm/current-rhel8/bin/generate_pbs_nodefile line 18.
Compilation failed in require at /usr/local/software/slurm/current-rhel8/bin/generate_pbs_nodefile line 18, <DATA> line 602.
BEGIN failed--compilation aborted at /usr/local/software/slurm/current-rhel8/bin/generate_pbs_nodefile line 18, <DATA> line 602.

Nodes allocated:
================


numtasks=, numnodes=1, mpi_tasks_per_node=1 (OMP_NUM_THREADS=1)

Executing command:
==================
python -u run.py --batch_size=4 --num_layers=1 --model_dims=128 --lr=0.5 > logs/out.12350421

/var/spool/slurm/slurmd/job12350421/slurm_script: line 114: 197888 Killed                  python -u run.py --batch_size=4 --num_layers=1 --model_dims=128 --lr=0.5 > logs/out.12350421
slurmstepd: error: Detected 1 oom-kill event(s) in StepId=12350421.batch cgroup. Some of your processes may have been killed by the cgroup out-of-memory handler.
